<?xml version="1.0" encoding="UTF-8"?>
<xml1>
  <id1>1000</id1>
  <name1>USD</name1>
</xml1>
