<?xml version="1.0" encoding="UTF-8"?>
<xml2>
<id2>1000</id2>
<name2>USD</name2>
</xml2>
